<?xml version="1.0" encoding="UTF-8"?>
<!-- Generated by org.testng.reporters.JUnitXMLReporter -->
<testsuite ignored="0" hostname="DESKTOP-G40L07Q" failures="0" tests="2" name="Surefire test" time="31.894" errors="0" timestamp="2023-07-14T14:54:00 IST">
  <testcase classname="tests.TestScripts" name="@BeforeClass setup" time="31.813">
    <failure type="org.openqa.selenium.SessionNotCreatedException" message="Could not start a new session. Response code 500. Message: An unknown server-side error occurred while processing the command. Original error: Could not find a connected Android device in 20158ms. 
Host info: host: &amp;apos;DESKTOP-G40L07Q&amp;apos;, ip: &amp;apos;192.168.0.117&amp;apos;
Build info: version: &amp;apos;4.10.0&amp;apos;, revision: &amp;apos;c14d967899&amp;apos;
System info: os.name: &amp;apos;Windows 11&amp;apos;, os.arch: &amp;apos;amd64&amp;apos;, os.version: &amp;apos;10.0&amp;apos;, java.version: &amp;apos;17.0.7&amp;apos;
Driver info: io.appium.java_client.android.AndroidDriver
Command: [null, newSession {capabilities=[{appium:appActivity=com.osos.spaarksapp.MainActivity, appium:appPackage=com.osos.spaarksapp, appium:automationName=UiAutomator2, appium:deviceName=ad74c42f, appium:noReset=true, platformName=ANDROID}], desiredCapabilities=Capabilities {appActivity: com.osos.spaarksapp.MainAct..., appPackage: com.osos.spaarksapp, automationName: UiAutomator2, deviceName: ad74c42f, noReset: true, platformName: ANDROID}}]
Capabilities {appActivity: com.osos.spaarksapp.MainAct..., appPackage: com.osos.spaarksapp, automationName: UiAutomator2, deviceName: ad74c42f, noReset: true, platformName: ANDROID}">
      <![CDATA[org.openqa.selenium.SessionNotCreatedException: Could not start a new session. Response code 500. Message: An unknown server-side error occurred while processing the command. Original error: Could not find a connected Android device in 20158ms. 
Host info: host: 'DESKTOP-G40L07Q', ip: '192.168.0.117'
Build info: version: '4.10.0', revision: 'c14d967899'
System info: os.name: 'Windows 11', os.arch: 'amd64', os.version: '10.0', java.version: '17.0.7'
Driver info: io.appium.java_client.android.AndroidDriver
Command: [null, newSession {capabilities=[{appium:appActivity=com.osos.spaarksapp.MainActivity, appium:appPackage=com.osos.spaarksapp, appium:automationName=UiAutomator2, appium:deviceName=ad74c42f, appium:noReset=true, platformName=ANDROID}], desiredCapabilities=Capabilities {appActivity: com.osos.spaarksapp.MainAct..., appPackage: com.osos.spaarksapp, automationName: UiAutomator2, deviceName: ad74c42f, noReset: true, platformName: ANDROID}}]
Capabilities {appActivity: com.osos.spaarksapp.MainAct..., appPackage: com.osos.spaarksapp, automationName: UiAutomator2, deviceName: ad74c42f, noReset: true, platformName: ANDROID}
at org.openqa.selenium.remote.ProtocolHandshake.createSession(ProtocolHandshake.java:140)
at io.appium.java_client.remote.AppiumProtocolHandshake.createSession(AppiumProtocolHandshake.java:133)
at io.appium.java_client.remote.AppiumProtocolHandshake.createSession(AppiumProtocolHandshake.java:102)
at io.appium.java_client.remote.AppiumCommandExecutor.createSession(AppiumCommandExecutor.java:182)
at io.appium.java_client.remote.AppiumCommandExecutor.execute(AppiumCommandExecutor.java:250)
at org.openqa.selenium.remote.RemoteWebDriver.execute(RemoteWebDriver.java:531)
at io.appium.java_client.AppiumDriver.startSession(AppiumDriver.java:274)
at org.openqa.selenium.remote.RemoteWebDriver.<init>(RemoteWebDriver.java:154)
at io.appium.java_client.AppiumDriver.<init>(AppiumDriver.java:89)
at io.appium.java_client.AppiumDriver.<init>(AppiumDriver.java:101)
at io.appium.java_client.android.AndroidDriver.<init>(AndroidDriver.java:113)
at tests.TestScripts.setup(TestScripts.java:33)
at java.base/java.util.ArrayList.forEach(ArrayList.java:1511)
... Removed 34 stack frames]]>
    </failure>
  </testcase> <!-- @BeforeClass setup -->
  <testcase classname="tests.TestScripts" name="ValidateTheBottomInfoText" time="0.0">
    <skipped/>
  </testcase> <!-- ValidateTheBottomInfoText -->
  <testcase classname="tests.TestScripts" name="TC_Login_13" time="0.0">
    <skipped/>
  </testcase> <!-- TC_Login_13 -->
</testsuite> <!-- Surefire test -->
