<?xml version="1.0" encoding="UTF-8"?>
<!-- Generated by org.testng.reporters.JUnitXMLReporter -->
<testsuite ignored="0" hostname="DESKTOP-G40L07Q" failures="0" tests="57" name="Test" time="765.369" errors="0" timestamp="2023-08-07T11:44:33 IST">
  <testcase classname="tests.TestScripts" name="@BeforeMethod setup" time="45.305">
    <failure type="org.openqa.selenium.SessionNotCreatedException" message="Could not start a new session. Response code 500. Message: An unknown server-side error occurred while processing the command. Original error: The instrumentation process cannot be initialized within 30000ms timeout. Make sure the application under test does not crash and investigate the logcat output. You could also try to increase the value of &amp;apos;uiautomator2ServerLaunchTimeout&amp;apos; capability 
Host info: host: &amp;apos;DESKTOP-G40L07Q&amp;apos;, ip: &amp;apos;192.168.0.130&amp;apos;
Build info: version: &amp;apos;4.11.0&amp;apos;, revision: &amp;apos;040bc5406b&amp;apos;
System info: os.name: &amp;apos;Windows 11&amp;apos;, os.arch: &amp;apos;amd64&amp;apos;, os.version: &amp;apos;10.0&amp;apos;, java.version: &amp;apos;17.0.7&amp;apos;
Driver info: io.appium.java_client.android.AndroidDriver
Command: [null, newSession {capabilities=[{appium:appActivity=com.osos.spaarksapp.MainActivity, appium:appPackage=com.osos.spaarksapp, appium:autoGrantPermissions=true, appium:automationName=UiAutomator2, appium:deviceName=RT99621CA1A52610300, appium:noReset=false, platformName=ANDROID}], desiredCapabilities=Capabilities {appActivity: com.osos.spaarksapp.MainAct..., appPackage: com.osos.spaarksapp, autoGrantPermissions: true, automationName: UiAutomator2, deviceName: RT99621CA1A52610300, noReset: false, platformName: ANDROID}}]
Capabilities {appActivity: com.osos.spaarksapp.MainAct..., appPackage: com.osos.spaarksapp, autoGrantPermissions: true, automationName: UiAutomator2, deviceName: RT99621CA1A52610300, noReset: false, platformName: ANDROID}">
      <![CDATA[org.openqa.selenium.SessionNotCreatedException: Could not start a new session. Response code 500. Message: An unknown server-side error occurred while processing the command. Original error: The instrumentation process cannot be initialized within 30000ms timeout. Make sure the application under test does not crash and investigate the logcat output. You could also try to increase the value of 'uiautomator2ServerLaunchTimeout' capability 
Host info: host: 'DESKTOP-G40L07Q', ip: '192.168.0.130'
Build info: version: '4.11.0', revision: '040bc5406b'
System info: os.name: 'Windows 11', os.arch: 'amd64', os.version: '10.0', java.version: '17.0.7'
Driver info: io.appium.java_client.android.AndroidDriver
Command: [null, newSession {capabilities=[{appium:appActivity=com.osos.spaarksapp.MainActivity, appium:appPackage=com.osos.spaarksapp, appium:autoGrantPermissions=true, appium:automationName=UiAutomator2, appium:deviceName=RT99621CA1A52610300, appium:noReset=false, platformName=ANDROID}], desiredCapabilities=Capabilities {appActivity: com.osos.spaarksapp.MainAct..., appPackage: com.osos.spaarksapp, autoGrantPermissions: true, automationName: UiAutomator2, deviceName: RT99621CA1A52610300, noReset: false, platformName: ANDROID}}]
Capabilities {appActivity: com.osos.spaarksapp.MainAct..., appPackage: com.osos.spaarksapp, autoGrantPermissions: true, automationName: UiAutomator2, deviceName: RT99621CA1A52610300, noReset: false, platformName: ANDROID}
at org.openqa.selenium.remote.ProtocolHandshake.createSession(ProtocolHandshake.java:140)
at io.appium.java_client.remote.AppiumProtocolHandshake.createSession(AppiumProtocolHandshake.java:133)
at io.appium.java_client.remote.AppiumProtocolHandshake.createSession(AppiumProtocolHandshake.java:102)
at io.appium.java_client.remote.AppiumCommandExecutor.createSession(AppiumCommandExecutor.java:182)
at io.appium.java_client.remote.AppiumCommandExecutor.execute(AppiumCommandExecutor.java:250)
at org.openqa.selenium.remote.RemoteWebDriver.execute(RemoteWebDriver.java:518)
at io.appium.java_client.AppiumDriver.startSession(AppiumDriver.java:274)
at org.openqa.selenium.remote.RemoteWebDriver.<init>(RemoteWebDriver.java:159)
at io.appium.java_client.AppiumDriver.<init>(AppiumDriver.java:89)
at io.appium.java_client.AppiumDriver.<init>(AppiumDriver.java:101)
at io.appium.java_client.android.AndroidDriver.<init>(AndroidDriver.java:113)
at tests.TestScripts.setup(TestScripts.java:57)
at java.base/java.util.ArrayList.forEach(ArrayList.java:1511)
... Removed 33 stack frames]]>
    </failure>
  </testcase> <!-- @BeforeMethod setup -->
  <testcase classname="tests.TestScripts" name="@AfterMethod close" time="0.0">
    <skipped/>
  </testcase> <!-- @AfterMethod close -->
  <testcase classname="tests.TestScripts" name="@BeforeMethod setup" time="0.0">
    <skipped/>
  </testcase> <!-- @BeforeMethod setup -->
  <testcase classname="tests.TestScripts" name="@AfterMethod close" time="0.0">
    <skipped/>
  </testcase> <!-- @AfterMethod close -->
  <testcase classname="tests.TestScripts" name="@BeforeMethod setup" time="0.0">
    <skipped/>
  </testcase> <!-- @BeforeMethod setup -->
  <testcase classname="tests.TestScripts" name="@AfterMethod close" time="0.0">
    <skipped/>
  </testcase> <!-- @AfterMethod close -->
  <testcase classname="tests.TestScripts" name="@BeforeMethod setup" time="0.0">
    <skipped/>
  </testcase> <!-- @BeforeMethod setup -->
  <testcase classname="tests.TestScripts" name="@AfterMethod close" time="0.0">
    <skipped/>
  </testcase> <!-- @AfterMethod close -->
  <testcase classname="tests.PostCreationTests" name="@BeforeMethod setup" time="11.867">
    <failure type="org.openqa.selenium.SessionNotCreatedException" message="Could not start a new session. Response code 500. Message: An unknown server-side error occurred while processing the command. Original error: Could not proxy command to the remote server. Original error: connect ECONNREFUSED 127.0.0.1:8200 
Host info: host: &amp;apos;DESKTOP-G40L07Q&amp;apos;, ip: &amp;apos;192.168.0.130&amp;apos;
Build info: version: &amp;apos;4.11.0&amp;apos;, revision: &amp;apos;040bc5406b&amp;apos;
System info: os.name: &amp;apos;Windows 11&amp;apos;, os.arch: &amp;apos;amd64&amp;apos;, os.version: &amp;apos;10.0&amp;apos;, java.version: &amp;apos;17.0.7&amp;apos;
Driver info: io.appium.java_client.android.AndroidDriver
Command: [null, newSession {capabilities=[{appium:appActivity=com.osos.spaarksapp.MainActivity, appium:appPackage=com.osos.spaarksapp, appium:autoGrantPermissions=true, appium:automationName=UiAutomator2, appium:deviceName=RT99621CA1A52610300, platformName=ANDROID}], desiredCapabilities=Capabilities {appActivity: com.osos.spaarksapp.MainAct..., appPackage: com.osos.spaarksapp, autoGrantPermissions: true, automationName: UiAutomator2, deviceName: RT99621CA1A52610300, platformName: ANDROID}}]
Capabilities {appActivity: com.osos.spaarksapp.MainAct..., appPackage: com.osos.spaarksapp, autoGrantPermissions: true, automationName: UiAutomator2, deviceName: RT99621CA1A52610300, platformName: ANDROID}">
      <![CDATA[org.openqa.selenium.SessionNotCreatedException: Could not start a new session. Response code 500. Message: An unknown server-side error occurred while processing the command. Original error: Could not proxy command to the remote server. Original error: connect ECONNREFUSED 127.0.0.1:8200 
Host info: host: 'DESKTOP-G40L07Q', ip: '192.168.0.130'
Build info: version: '4.11.0', revision: '040bc5406b'
System info: os.name: 'Windows 11', os.arch: 'amd64', os.version: '10.0', java.version: '17.0.7'
Driver info: io.appium.java_client.android.AndroidDriver
Command: [null, newSession {capabilities=[{appium:appActivity=com.osos.spaarksapp.MainActivity, appium:appPackage=com.osos.spaarksapp, appium:autoGrantPermissions=true, appium:automationName=UiAutomator2, appium:deviceName=RT99621CA1A52610300, platformName=ANDROID}], desiredCapabilities=Capabilities {appActivity: com.osos.spaarksapp.MainAct..., appPackage: com.osos.spaarksapp, autoGrantPermissions: true, automationName: UiAutomator2, deviceName: RT99621CA1A52610300, platformName: ANDROID}}]
Capabilities {appActivity: com.osos.spaarksapp.MainAct..., appPackage: com.osos.spaarksapp, autoGrantPermissions: true, automationName: UiAutomator2, deviceName: RT99621CA1A52610300, platformName: ANDROID}
at org.openqa.selenium.remote.ProtocolHandshake.createSession(ProtocolHandshake.java:140)
at io.appium.java_client.remote.AppiumProtocolHandshake.createSession(AppiumProtocolHandshake.java:133)
at io.appium.java_client.remote.AppiumProtocolHandshake.createSession(AppiumProtocolHandshake.java:102)
at io.appium.java_client.remote.AppiumCommandExecutor.createSession(AppiumCommandExecutor.java:182)
at io.appium.java_client.remote.AppiumCommandExecutor.execute(AppiumCommandExecutor.java:250)
at org.openqa.selenium.remote.RemoteWebDriver.execute(RemoteWebDriver.java:518)
at io.appium.java_client.AppiumDriver.startSession(AppiumDriver.java:274)
at org.openqa.selenium.remote.RemoteWebDriver.<init>(RemoteWebDriver.java:159)
at io.appium.java_client.AppiumDriver.<init>(AppiumDriver.java:89)
at io.appium.java_client.AppiumDriver.<init>(AppiumDriver.java:101)
at io.appium.java_client.android.AndroidDriver.<init>(AndroidDriver.java:113)
at tests.PostCreationTests.setup(PostCreationTests.java:56)
at java.base/java.util.ArrayList.forEach(ArrayList.java:1511)
... Removed 34 stack frames]]>
    </failure>
  </testcase> <!-- @BeforeMethod setup -->
  <testcase classname="tests.PostCreationTests" name="@AfterMethod close" time="0.0">
    <skipped/>
  </testcase> <!-- @AfterMethod close -->
  <testcase classname="tests.PostCreationTests" name="@BeforeMethod setup" time="0.0">
    <skipped/>
  </testcase> <!-- @BeforeMethod setup -->
  <testcase classname="tests.PostCreationTests" name="@AfterMethod close" time="0.0">
    <skipped/>
  </testcase> <!-- @AfterMethod close -->
  <testcase classname="tests.PostCreationTests" name="@BeforeMethod setup" time="0.0">
    <skipped/>
  </testcase> <!-- @BeforeMethod setup -->
  <testcase classname="tests.PostCreationTests" name="@AfterMethod close" time="0.0">
    <skipped/>
  </testcase> <!-- @AfterMethod close -->
  <testcase classname="tests.PostCreationTests" name="@BeforeMethod setup" time="0.0">
    <skipped/>
  </testcase> <!-- @BeforeMethod setup -->
  <testcase classname="tests.PostCreationTests" name="@AfterMethod close" time="0.0">
    <skipped/>
  </testcase> <!-- @AfterMethod close -->
  <testcase classname="tests.PostCreationTests" name="@BeforeMethod setup" time="0.0">
    <skipped/>
  </testcase> <!-- @BeforeMethod setup -->
  <testcase classname="tests.PostCreationTests" name="@AfterMethod close" time="0.0">
    <skipped/>
  </testcase> <!-- @AfterMethod close -->
  <testcase classname="tests.PostCreationTests" name="@BeforeMethod setup" time="0.0">
    <skipped/>
  </testcase> <!-- @BeforeMethod setup -->
  <testcase classname="tests.PostCreationTests" name="@AfterMethod close" time="0.0">
    <skipped/>
  </testcase> <!-- @AfterMethod close -->
  <testcase classname="tests.PostCreationTests" name="@BeforeMethod setup" time="0.0">
    <skipped/>
  </testcase> <!-- @BeforeMethod setup -->
  <testcase classname="tests.PostCreationTests" name="@AfterMethod close" time="0.0">
    <skipped/>
  </testcase> <!-- @AfterMethod close -->
  <testcase classname="tests.PostCreationTests" name="@BeforeMethod setup" time="0.0">
    <skipped/>
  </testcase> <!-- @BeforeMethod setup -->
  <testcase classname="tests.PostCreationTests" name="@AfterMethod close" time="0.0">
    <skipped/>
  </testcase> <!-- @AfterMethod close -->
  <testcase classname="tests.PostCreationTests" name="@BeforeMethod setup" time="0.0">
    <skipped/>
  </testcase> <!-- @BeforeMethod setup -->
  <testcase classname="tests.PostCreationTests" name="@AfterMethod close" time="0.0">
    <skipped/>
  </testcase> <!-- @AfterMethod close -->
  <testcase classname="tests.PostCreationTests" name="@BeforeMethod setup" time="0.0">
    <skipped/>
  </testcase> <!-- @BeforeMethod setup -->
  <testcase classname="tests.PostCreationTests" name="@AfterMethod close" time="0.0">
    <skipped/>
  </testcase> <!-- @AfterMethod close -->
  <testcase classname="tests.PostCreationTests" name="@BeforeMethod setup" time="0.0">
    <skipped/>
  </testcase> <!-- @BeforeMethod setup -->
  <testcase classname="tests.PostCreationTests" name="@AfterMethod close" time="0.0">
    <skipped/>
  </testcase> <!-- @AfterMethod close -->
  <testcase classname="tests.PostCreationTests" name="@BeforeMethod setup" time="0.0">
    <skipped/>
  </testcase> <!-- @BeforeMethod setup -->
  <testcase classname="tests.PostCreationTests" name="@AfterMethod close" time="0.0">
    <skipped/>
  </testcase> <!-- @AfterMethod close -->
  <testcase classname="tests.PostCreationTests" name="@BeforeMethod setup" time="0.0">
    <skipped/>
  </testcase> <!-- @BeforeMethod setup -->
  <testcase classname="tests.PostCreationTests" name="@AfterMethod close" time="0.0">
    <skipped/>
  </testcase> <!-- @AfterMethod close -->
  <testcase classname="tests.PostCreationTests" name="@BeforeMethod setup" time="0.0">
    <skipped/>
  </testcase> <!-- @BeforeMethod setup -->
  <testcase classname="tests.PostCreationTests" name="@AfterMethod close" time="0.0">
    <skipped/>
  </testcase> <!-- @AfterMethod close -->
  <testcase classname="tests.PostCreationTests" name="@BeforeMethod setup" time="0.0">
    <skipped/>
  </testcase> <!-- @BeforeMethod setup -->
  <testcase classname="tests.PostCreationTests" name="@AfterMethod close" time="0.0">
    <skipped/>
  </testcase> <!-- @AfterMethod close -->
  <testcase classname="tests.PostCreationTests" name="@BeforeMethod setup" time="0.0">
    <skipped/>
  </testcase> <!-- @BeforeMethod setup -->
  <testcase classname="tests.PostCreationTests" name="@AfterMethod close" time="0.0">
    <skipped/>
  </testcase> <!-- @AfterMethod close -->
  <testcase classname="tests.PostCreationTests" name="@BeforeMethod setup" time="0.0">
    <skipped/>
  </testcase> <!-- @BeforeMethod setup -->
  <testcase classname="tests.PostCreationTests" name="@AfterMethod close" time="0.0">
    <skipped/>
  </testcase> <!-- @AfterMethod close -->
  <testcase classname="tests.PostCreationTests" name="@BeforeMethod setup" time="0.0">
    <skipped/>
  </testcase> <!-- @BeforeMethod setup -->
  <testcase classname="tests.PostCreationTests" name="@AfterMethod close" time="0.0">
    <skipped/>
  </testcase> <!-- @AfterMethod close -->
  <testcase classname="tests.PostCreationTests" name="@BeforeMethod setup" time="0.0">
    <skipped/>
  </testcase> <!-- @BeforeMethod setup -->
  <testcase classname="tests.PostCreationTests" name="@AfterMethod close" time="0.0">
    <skipped/>
  </testcase> <!-- @AfterMethod close -->
  <testcase classname="tests.PostCreationTests" name="@BeforeMethod setup" time="0.0">
    <skipped/>
  </testcase> <!-- @BeforeMethod setup -->
  <testcase classname="tests.PostCreationTests" name="@AfterMethod close" time="0.0">
    <skipped/>
  </testcase> <!-- @AfterMethod close -->
  <testcase classname="tests.PostCreationTests" name="@BeforeMethod setup" time="0.0">
    <skipped/>
  </testcase> <!-- @BeforeMethod setup -->
  <testcase classname="tests.PostCreationTests" name="@AfterMethod close" time="0.0">
    <skipped/>
  </testcase> <!-- @AfterMethod close -->
  <testcase classname="tests.PostCreationTests" name="@BeforeMethod setup" time="0.0">
    <skipped/>
  </testcase> <!-- @BeforeMethod setup -->
  <testcase classname="tests.PostCreationTests" name="@AfterMethod close" time="0.0">
    <skipped/>
  </testcase> <!-- @AfterMethod close -->
  <testcase classname="tests.PostCreationTests" name="@BeforeMethod setup" time="0.0">
    <skipped/>
  </testcase> <!-- @BeforeMethod setup -->
  <testcase classname="tests.PostCreationTests" name="@AfterMethod close" time="0.0">
    <skipped/>
  </testcase> <!-- @AfterMethod close -->
  <testcase classname="tests.PostCreationTests" name="@BeforeMethod setup" time="0.0">
    <skipped/>
  </testcase> <!-- @BeforeMethod setup -->
  <testcase classname="tests.PostCreationTests" name="@AfterMethod close" time="0.0">
    <skipped/>
  </testcase> <!-- @AfterMethod close -->
  <testcase classname="tests.PostCreationTests" name="@BeforeMethod setup" time="0.0">
    <skipped/>
  </testcase> <!-- @BeforeMethod setup -->
  <testcase classname="tests.PostCreationTests" name="@AfterMethod close" time="0.0">
    <skipped/>
  </testcase> <!-- @AfterMethod close -->
  <testcase classname="tests.PostCreationTests" name="@BeforeMethod setup" time="0.0">
    <skipped/>
  </testcase> <!-- @BeforeMethod setup -->
  <testcase classname="tests.PostCreationTests" name="@AfterMethod close" time="0.0">
    <skipped/>
  </testcase> <!-- @AfterMethod close -->
  <testcase classname="tests.PostCreationTests" name="@BeforeMethod setup" time="0.0">
    <skipped/>
  </testcase> <!-- @BeforeMethod setup -->
  <testcase classname="tests.PostCreationTests" name="@AfterMethod close" time="0.0">
    <skipped/>
  </testcase> <!-- @AfterMethod close -->
  <testcase classname="tests.PostCreationTests" name="@BeforeMethod setup" time="0.0">
    <skipped/>
  </testcase> <!-- @BeforeMethod setup -->
  <testcase classname="tests.PostCreationTests" name="@AfterMethod close" time="0.0">
    <skipped/>
  </testcase> <!-- @AfterMethod close -->
  <testcase classname="tests.PostCreationTests" name="@BeforeMethod setup" time="0.0">
    <skipped/>
  </testcase> <!-- @BeforeMethod setup -->
  <testcase classname="tests.PostCreationTests" name="@AfterMethod close" time="0.0">
    <skipped/>
  </testcase> <!-- @AfterMethod close -->
  <testcase classname="tests.PostCreationTests" name="@BeforeMethod setup" time="0.0">
    <skipped/>
  </testcase> <!-- @BeforeMethod setup -->
  <testcase classname="tests.PostCreationTests" name="@AfterMethod close" time="0.0">
    <skipped/>
  </testcase> <!-- @AfterMethod close -->
  <testcase classname="tests.PostCreationTests" name="@BeforeMethod setup" time="0.0">
    <skipped/>
  </testcase> <!-- @BeforeMethod setup -->
  <testcase classname="tests.PostCreationTests" name="@AfterMethod close" time="0.0">
    <skipped/>
  </testcase> <!-- @AfterMethod close -->
  <testcase classname="tests.PostCreationTests" name="@BeforeMethod setup" time="0.0">
    <skipped/>
  </testcase> <!-- @BeforeMethod setup -->
  <testcase classname="tests.PostCreationTests" name="@AfterMethod close" time="0.0">
    <skipped/>
  </testcase> <!-- @AfterMethod close -->
  <testcase classname="tests.PostCreationTests" name="@BeforeMethod setup" time="0.0">
    <skipped/>
  </testcase> <!-- @BeforeMethod setup -->
  <testcase classname="tests.PostCreationTests" name="@AfterMethod close" time="0.0">
    <skipped/>
  </testcase> <!-- @AfterMethod close -->
  <testcase classname="tests.PostCreationTests" name="@BeforeMethod setup" time="0.0">
    <skipped/>
  </testcase> <!-- @BeforeMethod setup -->
  <testcase classname="tests.PostCreationTests" name="@AfterMethod close" time="0.0">
    <skipped/>
  </testcase> <!-- @AfterMethod close -->
  <testcase classname="tests.PostCreationTests" name="@BeforeMethod setup" time="0.0">
    <skipped/>
  </testcase> <!-- @BeforeMethod setup -->
  <testcase classname="tests.PostCreationTests" name="@AfterMethod close" time="0.0">
    <skipped/>
  </testcase> <!-- @AfterMethod close -->
  <testcase classname="tests.PostCreationTests" name="@BeforeMethod setup" time="0.0">
    <skipped/>
  </testcase> <!-- @BeforeMethod setup -->
  <testcase classname="tests.PostCreationTests" name="@AfterMethod close" time="0.0">
    <skipped/>
  </testcase> <!-- @AfterMethod close -->
  <testcase classname="tests.TestScripts" name="TC_Login_02" time="15.554"/>
  <testcase classname="tests.TestScripts" name="TC_Login_03" time="7.186"/>
  <testcase classname="tests.TestScripts" name="TC_Login_04" time="13.596"/>
  <testcase classname="tests.TestScripts" name="TC_Login_05" time="22.266"/>
  <testcase classname="tests.TestScripts" name="TC_Login_06" time="18.285"/>
  <testcase classname="tests.TestScripts" name="TC_Login_07" time="32.304"/>
  <testcase classname="tests.TestScripts" name="TC_Login_08" time="19.851"/>
  <testcase classname="tests.TestScripts" name="TC_Login_09" time="39.169"/>
  <testcase classname="tests.TestScripts" name="TC_Login_10" time="39.101"/>
  <testcase classname="tests.TestScripts" name="TC_Login_11" time="16.355"/>
  <testcase classname="tests.TestScripts" name="TC_Login_12" time="25.906"/>
  <testcase classname="tests.TestScripts" name="TC_Login_13" time="24.898"/>
  <testcase classname="tests.TestScripts" name="TC_Login_14" time="23.371"/>
  <testcase classname="tests.TestScripts" name="TC_Login_15" time="27.057">
    <skipped/>
  </testcase> <!-- TC_Login_15 -->
  <testcase classname="tests.TestScripts" name="TC_Login_15" time="27.366"/>
  <testcase classname="tests.TestScripts" name="TC_Login_16" time="3.857">
    <skipped/>
  </testcase> <!-- TC_Login_16 -->
  <testcase classname="tests.TestScripts" name="TC_Login_16" time="48.131"/>
  <testcase classname="tests.TestScripts" name="TC_Login_17" time="0.001">
    <skipped/>
  </testcase> <!-- TC_Login_17 -->
  <testcase classname="tests.TestScripts" name="TC_Login_18" time="0.0">
    <skipped/>
  </testcase> <!-- TC_Login_18 -->
  <testcase classname="tests.TestScripts" name="TC_Login_19" time="0.0">
    <skipped/>
  </testcase> <!-- TC_Login_19 -->
  <testcase classname="tests.TestScripts" name="TC_Login_20" time="0.0">
    <skipped/>
  </testcase> <!-- TC_Login_20 -->
  <testcase classname="tests.PostCreationTests" name="TC_PostCreation_01" time="0.0">
    <skipped/>
  </testcase> <!-- TC_PostCreation_01 -->
  <testcase classname="tests.PostCreationTests" name="TC_PostCreation_02" time="0.0">
    <skipped/>
  </testcase> <!-- TC_PostCreation_02 -->
  <testcase classname="tests.PostCreationTests" name="TC_PostCreation_03" time="0.001">
    <skipped/>
  </testcase> <!-- TC_PostCreation_03 -->
  <testcase classname="tests.PostCreationTests" name="TC_PostCreation_04" time="0.0">
    <skipped/>
  </testcase> <!-- TC_PostCreation_04 -->
  <testcase classname="tests.PostCreationTests" name="TC_PostCreation_05" time="0.0">
    <skipped/>
  </testcase> <!-- TC_PostCreation_05 -->
  <testcase classname="tests.PostCreationTests" name="TC_PostCreation_06" time="0.004">
    <skipped/>
  </testcase> <!-- TC_PostCreation_06 -->
  <testcase classname="tests.PostCreationTests" name="TC_PostCreation_07" time="0.0">
    <skipped/>
  </testcase> <!-- TC_PostCreation_07 -->
  <testcase classname="tests.PostCreationTests" name="TC_PostCreation_08" time="0.0">
    <skipped/>
  </testcase> <!-- TC_PostCreation_08 -->
  <testcase classname="tests.PostCreationTests" name="TC_PostCreation_09" time="0.0">
    <skipped/>
  </testcase> <!-- TC_PostCreation_09 -->
  <testcase classname="tests.PostCreationTests" name="TC_PostCreation_10" time="0.0">
    <skipped/>
  </testcase> <!-- TC_PostCreation_10 -->
  <testcase classname="tests.PostCreationTests" name="TC_PostCreation_11" time="0.0">
    <skipped/>
  </testcase> <!-- TC_PostCreation_11 -->
  <testcase classname="tests.PostCreationTests" name="TC_PostCreation_12" time="0.0">
    <skipped/>
  </testcase> <!-- TC_PostCreation_12 -->
  <testcase classname="tests.PostCreationTests" name="TC_PostCreation_13" time="0.0">
    <skipped/>
  </testcase> <!-- TC_PostCreation_13 -->
  <testcase classname="tests.PostCreationTests" name="TC_PostCreation_14" time="0.0">
    <skipped/>
  </testcase> <!-- TC_PostCreation_14 -->
  <testcase classname="tests.PostCreationTests" name="TC_PostCreation_15" time="0.0">
    <skipped/>
  </testcase> <!-- TC_PostCreation_15 -->
  <testcase classname="tests.PostCreationTests" name="TC_PostCreation_16" time="0.0">
    <skipped/>
  </testcase> <!-- TC_PostCreation_16 -->
  <testcase classname="tests.PostCreationTests" name="TC_PostCreation_17" time="0.0">
    <skipped/>
  </testcase> <!-- TC_PostCreation_17 -->
  <testcase classname="tests.PostCreationTests" name="TC_PostCreation_18" time="0.0">
    <skipped/>
  </testcase> <!-- TC_PostCreation_18 -->
  <testcase classname="tests.PostCreationTests" name="TC_PostCreation_19" time="0.001">
    <skipped/>
  </testcase> <!-- TC_PostCreation_19 -->
  <testcase classname="tests.PostCreationTests" name="TC_PostCreation_20" time="0.0">
    <skipped/>
  </testcase> <!-- TC_PostCreation_20 -->
  <testcase classname="tests.PostCreationTests" name="TC_PostCreation_21" time="0.0">
    <skipped/>
  </testcase> <!-- TC_PostCreation_21 -->
  <testcase classname="tests.PostCreationTests" name="TC_PostCreation_22" time="0.0">
    <skipped/>
  </testcase> <!-- TC_PostCreation_22 -->
  <testcase classname="tests.PostCreationTests" name="TC_PostCreation_23" time="0.0">
    <skipped/>
  </testcase> <!-- TC_PostCreation_23 -->
  <testcase classname="tests.PostCreationTests" name="TC_PostCreation_24" time="0.0">
    <skipped/>
  </testcase> <!-- TC_PostCreation_24 -->
  <testcase classname="tests.PostCreationTests" name="TC_PostCreation_25" time="0.0">
    <skipped/>
  </testcase> <!-- TC_PostCreation_25 -->
  <testcase classname="tests.PostCreationTests" name="TC_PostCreation_26" time="0.0">
    <skipped/>
  </testcase> <!-- TC_PostCreation_26 -->
  <testcase classname="tests.PostCreationTests" name="TC_PostCreation_27" time="0.0">
    <skipped/>
  </testcase> <!-- TC_PostCreation_27 -->
  <testcase classname="tests.PostCreationTests" name="TC_PostCreation_28" time="0.0">
    <skipped/>
  </testcase> <!-- TC_PostCreation_28 -->
  <testcase classname="tests.PostCreationTests" name="TC_PostCreation_29" time="0.001">
    <skipped/>
  </testcase> <!-- TC_PostCreation_29 -->
  <testcase classname="tests.PostCreationTests" name="TC_PostCreation_30" time="0.0">
    <skipped/>
  </testcase> <!-- TC_PostCreation_30 -->
  <testcase classname="tests.PostCreationTests" name="TC_PostCreation_31" time="0.0">
    <skipped/>
  </testcase> <!-- TC_PostCreation_31 -->
  <testcase classname="tests.PostCreationTests" name="TC_PostCreation_32" time="0.0">
    <skipped/>
  </testcase> <!-- TC_PostCreation_32 -->
  <testcase classname="tests.PostCreationTests" name="TC_PostCreation_33" time="0.0">
    <skipped/>
  </testcase> <!-- TC_PostCreation_33 -->
  <testcase classname="tests.PostCreationTests" name="TC_PostCreation_34" time="0.0">
    <skipped/>
  </testcase> <!-- TC_PostCreation_34 -->
  <testcase classname="tests.PostCreationTests" name="TC_PostCreation_35" time="0.0">
    <skipped/>
  </testcase> <!-- TC_PostCreation_35 -->
  <testcase classname="tests.PostCreationTests" name="TC_PostCreation_36" time="0.0">
    <skipped/>
  </testcase> <!-- TC_PostCreation_36 -->
</testsuite> <!-- Test -->
