<?xml version="1.0" encoding="UTF-8"?>
<!-- Generated by org.testng.reporters.JUnitReportReporter -->
<testsuite hostname="DESKTOP-MVE14DD" failures="0" tests="38" name="tests.PostCreationTests" time="53.085" errors="1" timestamp="2023-12-04T10:39:24 IST" skipped="37">
  <testcase classname="tests.PostCreationTests" name="setup" time="53.083">
    <error message="An element could not be located on the page using the given search parameters.
For documentation on this error, please visit: https://www.seleniumhq.org/exceptions/no_such_element.html
Build info: version: &#039;3.141.59&#039;, revision: &#039;e82be7d358&#039;, time: &#039;2018-11-14T08:17:03&#039;
System info: host: &#039;DESKTOP-MVE14DD&#039;, ip: &#039;192.168.132.1&#039;, os.name: &#039;Windows 10&#039;, os.arch: &#039;amd64&#039;, os.version: &#039;10.0&#039;, java.version: &#039;17.0.7&#039;
Driver info: io.appium.java_client.android.AndroidDriver
Capabilities {appActivity: com.osos.spaarksapp.MainAct..., appPackage: com.osos.spaarksapp, autoGrantPermissions: true, automationName: UiAutomator2, databaseEnabled: false, desired: {appActivity: com.osos.spaarksapp.MainAct..., appPackage: com.osos.spaarksapp, autoGrantPermissions: true, automationName: UiAutomator2, deviceName: RT99621CA1A52610300, platformName: android}, deviceApiLevel: 33, deviceManufacturer: samsung, deviceModel: SM-E045F, deviceName: R9ZWA007E4A, deviceScreenDensity: 300, deviceScreenSize: 720x1600, deviceUDID: R9ZWA007E4A, javascriptEnabled: true, locationContextEnabled: false, networkConnectionEnabled: true, pixelRatio: 1.875, platform: LINUX, platformName: android, platformVersion: 13, statBarHeight: 44, takesScreenshot: true, viewportRect: {height: 1421, left: 0, top: 44, width: 720}, warnings: {}, webStorageEnabled: false}
Session ID: 24105343-b6e0-4adc-accd-df6095e5eed1
*** Element info: {Using=xpath, value=/hierarchy/android.widget.FrameLayout/android.widget.LinearLayout/android.widget.FrameLayout/android.widget.LinearLayout/android.widget.FrameLayout/android.widget.RelativeLayout/android.view.ViewGroup/android.widget.FrameLayout[1]/android.widget.LinearLayout/android.widget.FrameLayout/android.widget.RelativeLayout/android.widget.LinearLayout[2]
}" type="org.openqa.selenium.NoSuchElementException">
      <![CDATA[org.openqa.selenium.NoSuchElementException: An element could not be located on the page using the given search parameters.
For documentation on this error, please visit: https://www.seleniumhq.org/exceptions/no_such_element.html
Build info: version: '3.141.59', revision: 'e82be7d358', time: '2018-11-14T08:17:03'
System info: host: 'DESKTOP-MVE14DD', ip: '192.168.132.1', os.name: 'Windows 10', os.arch: 'amd64', os.version: '10.0', java.version: '17.0.7'
Driver info: io.appium.java_client.android.AndroidDriver
Capabilities {appActivity: com.osos.spaarksapp.MainAct..., appPackage: com.osos.spaarksapp, autoGrantPermissions: true, automationName: UiAutomator2, databaseEnabled: false, desired: {appActivity: com.osos.spaarksapp.MainAct..., appPackage: com.osos.spaarksapp, autoGrantPermissions: true, automationName: UiAutomator2, deviceName: RT99621CA1A52610300, platformName: android}, deviceApiLevel: 33, deviceManufacturer: samsung, deviceModel: SM-E045F, deviceName: R9ZWA007E4A, deviceScreenDensity: 300, deviceScreenSize: 720x1600, deviceUDID: R9ZWA007E4A, javascriptEnabled: true, locationContextEnabled: false, networkConnectionEnabled: true, pixelRatio: 1.875, platform: LINUX, platformName: android, platformVersion: 13, statBarHeight: 44, takesScreenshot: true, viewportRect: {height: 1421, left: 0, top: 44, width: 720}, warnings: {}, webStorageEnabled: false}
Session ID: 24105343-b6e0-4adc-accd-df6095e5eed1
*** Element info: {Using=xpath, value=/hierarchy/android.widget.FrameLayout/android.widget.LinearLayout/android.widget.FrameLayout/android.widget.LinearLayout/android.widget.FrameLayout/android.widget.RelativeLayout/android.view.ViewGroup/android.widget.FrameLayout[1]/android.widget.LinearLayout/android.widget.FrameLayout/android.widget.RelativeLayout/android.widget.LinearLayout[2]
}
at java.base/jdk.internal.reflect.NativeConstructorAccessorImpl.newInstance0(Native Method)
at java.base/jdk.internal.reflect.NativeConstructorAccessorImpl.newInstance(NativeConstructorAccessorImpl.java:77)
at java.base/jdk.internal.reflect.DelegatingConstructorAccessorImpl.newInstance(DelegatingConstructorAccessorImpl.java:45)
at java.base/java.lang.reflect.Constructor.newInstanceWithCaller(Constructor.java:499)
at java.base/java.lang.reflect.Constructor.newInstance(Constructor.java:480)
at org.openqa.selenium.remote.http.W3CHttpResponseCodec.createException(W3CHttpResponseCodec.java:187)
at org.openqa.selenium.remote.http.W3CHttpResponseCodec.decode(W3CHttpResponseCodec.java:122)
at org.openqa.selenium.remote.http.W3CHttpResponseCodec.decode(W3CHttpResponseCodec.java:49)
at org.openqa.selenium.remote.HttpCommandExecutor.execute(HttpCommandExecutor.java:158)
at io.appium.java_client.remote.AppiumCommandExecutor.execute(AppiumCommandExecutor.java:239)
at org.openqa.selenium.remote.RemoteWebDriver.execute(RemoteWebDriver.java:552)
at io.appium.java_client.DefaultGenericMobileDriver.execute(DefaultGenericMobileDriver.java:41)
at io.appium.java_client.AppiumDriver.execute(AppiumDriver.java:1)
at io.appium.java_client.android.AndroidDriver.execute(AndroidDriver.java:1)
at org.openqa.selenium.remote.RemoteWebDriver.findElement(RemoteWebDriver.java:323)
at io.appium.java_client.DefaultGenericMobileDriver.findElement(DefaultGenericMobileDriver.java:61)
at io.appium.java_client.AppiumDriver.findElement(AppiumDriver.java:1)
at io.appium.java_client.android.AndroidDriver.findElement(AndroidDriver.java:1)
at org.openqa.selenium.remote.RemoteWebDriver.findElementByXPath(RemoteWebDriver.java:428)
at io.appium.java_client.DefaultGenericMobileDriver.findElementByXPath(DefaultGenericMobileDriver.java:151)
at io.appium.java_client.AppiumDriver.findElementByXPath(AppiumDriver.java:1)
at io.appium.java_client.android.AndroidDriver.findElementByXPath(AndroidDriver.java:1)
at org.openqa.selenium.By$ByXPath.findElement(By.java:353)
at org.openqa.selenium.remote.RemoteWebDriver.findElement(RemoteWebDriver.java:315)
at io.appium.java_client.DefaultGenericMobileDriver.findElement(DefaultGenericMobileDriver.java:57)
at io.appium.java_client.AppiumDriver.findElement(AppiumDriver.java:1)
at io.appium.java_client.android.AndroidDriver.findElement(AndroidDriver.java:1)
at org.openqa.selenium.support.pagefactory.DefaultElementLocator.findElement(DefaultElementLocator.java:69)
at org.openqa.selenium.support.pagefactory.internal.LocatingElementHandler.invoke(LocatingElementHandler.java:38)
at jdk.proxy2/jdk.proxy2.$Proxy13.click(Unknown Source)
at ElementAddress.PostCreation.ClickOnCreatePostPlusIcon(PostCreation.java:216)
at tests.PostCreationTests.setup(PostCreationTests.java:60)
at java.base/jdk.internal.reflect.NativeMethodAccessorImpl.invoke0(Native Method)
at java.base/jdk.internal.reflect.NativeMethodAccessorImpl.invoke(NativeMethodAccessorImpl.java:77)
at java.base/jdk.internal.reflect.DelegatingMethodAccessorImpl.invoke(DelegatingMethodAccessorImpl.java:43)
at java.base/java.lang.reflect.Method.invoke(Method.java:568)
at org.testng.internal.invokers.MethodInvocationHelper.invokeMethod(MethodInvocationHelper.java:139)
at org.testng.internal.invokers.MethodInvocationHelper.invokeMethodConsideringTimeout(MethodInvocationHelper.java:69)
at org.testng.internal.invokers.ConfigInvoker.invokeConfigurationMethod(ConfigInvoker.java:361)
at org.testng.internal.invokers.ConfigInvoker.invokeConfigurations(ConfigInvoker.java:296)
at org.testng.internal.invokers.TestInvoker.runConfigMethods(TestInvoker.java:823)
at org.testng.internal.invokers.TestInvoker.invokeMethod(TestInvoker.java:590)
at org.testng.internal.invokers.TestInvoker.invokeTestMethod(TestInvoker.java:221)
at org.testng.internal.invokers.MethodRunner.runInSequence(MethodRunner.java:50)
at org.testng.internal.invokers.TestInvoker$MethodInvocationAgent.invoke(TestInvoker.java:969)
at org.testng.internal.invokers.TestInvoker.invokeTestMethods(TestInvoker.java:194)
at org.testng.internal.invokers.TestMethodWorker.invokeTestMethods(TestMethodWorker.java:148)
at org.testng.internal.invokers.TestMethodWorker.run(TestMethodWorker.java:128)
at java.base/java.util.ArrayList.forEach(ArrayList.java:1511)
at org.testng.TestRunner.privateRun(TestRunner.java:829)
at org.testng.TestRunner.run(TestRunner.java:602)
at org.testng.SuiteRunner.runTest(SuiteRunner.java:437)
at org.testng.SuiteRunner.runSequentially(SuiteRunner.java:431)
at org.testng.SuiteRunner.privateRun(SuiteRunner.java:391)
at org.testng.SuiteRunner.run(SuiteRunner.java:330)
at org.testng.SuiteRunnerWorker.runSuite(SuiteRunnerWorker.java:52)
at org.testng.SuiteRunnerWorker.run(SuiteRunnerWorker.java:95)
at org.testng.TestNG.runSuitesSequentially(TestNG.java:1256)
at org.testng.TestNG.runSuitesLocally(TestNG.java:1176)
at org.testng.TestNG.runSuites(TestNG.java:1099)
at org.testng.TestNG.run(TestNG.java:1067)
at org.testng.remote.AbstractRemoteTestNG.run(AbstractRemoteTestNG.java:115)
at org.testng.remote.RemoteTestNG.initAndRun(RemoteTestNG.java:251)
at org.testng.remote.RemoteTestNG.main(RemoteTestNG.java:77)
]]>
    </error>
  </testcase> <!-- setup -->
  <system-out/>
  <testcase classname="tests.PostCreationTests" name="TC_PostCreation_01" time="0.000">
    <skipped/>
  </testcase> <!-- TC_PostCreation_01 -->
  <system-out/>
  <testcase classname="tests.PostCreationTests" name="TC_PostCreation_02" time="0.000">
    <skipped/>
  </testcase> <!-- TC_PostCreation_02 -->
  <system-out/>
  <testcase classname="tests.PostCreationTests" name="TC_PostCreation_03" time="0.000">
    <skipped/>
  </testcase> <!-- TC_PostCreation_03 -->
  <system-out/>
  <testcase classname="tests.PostCreationTests" name="TC_PostCreation_04" time="0.000">
    <skipped/>
  </testcase> <!-- TC_PostCreation_04 -->
  <system-out/>
  <testcase classname="tests.PostCreationTests" name="TC_PostCreation_05" time="0.000">
    <skipped/>
  </testcase> <!-- TC_PostCreation_05 -->
  <system-out/>
  <testcase classname="tests.PostCreationTests" name="TC_PostCreation_06" time="0.000">
    <skipped/>
  </testcase> <!-- TC_PostCreation_06 -->
  <system-out/>
  <testcase classname="tests.PostCreationTests" name="TC_PostCreation_07" time="0.000">
    <skipped/>
  </testcase> <!-- TC_PostCreation_07 -->
  <system-out/>
  <testcase classname="tests.PostCreationTests" name="TC_PostCreation_08" time="0.000">
    <skipped/>
  </testcase> <!-- TC_PostCreation_08 -->
  <system-out/>
  <testcase classname="tests.PostCreationTests" name="TC_PostCreation_09" time="0.000">
    <skipped/>
  </testcase> <!-- TC_PostCreation_09 -->
  <system-out/>
  <testcase classname="tests.PostCreationTests" name="TC_PostCreation_10" time="0.000">
    <skipped/>
  </testcase> <!-- TC_PostCreation_10 -->
  <system-out/>
  <testcase classname="tests.PostCreationTests" name="TC_PostCreation_11" time="0.000">
    <skipped/>
  </testcase> <!-- TC_PostCreation_11 -->
  <system-out/>
  <testcase classname="tests.PostCreationTests" name="TC_PostCreation_12" time="0.001">
    <skipped/>
  </testcase> <!-- TC_PostCreation_12 -->
  <system-out/>
  <testcase classname="tests.PostCreationTests" name="TC_PostCreation_13" time="0.000">
    <skipped/>
  </testcase> <!-- TC_PostCreation_13 -->
  <system-out/>
  <testcase classname="tests.PostCreationTests" name="TC_PostCreation_14" time="0.000">
    <skipped/>
  </testcase> <!-- TC_PostCreation_14 -->
  <system-out/>
  <testcase classname="tests.PostCreationTests" name="TC_PostCreation_15" time="0.000">
    <skipped/>
  </testcase> <!-- TC_PostCreation_15 -->
  <system-out/>
  <testcase classname="tests.PostCreationTests" name="TC_PostCreation_16" time="0.000">
    <skipped/>
  </testcase> <!-- TC_PostCreation_16 -->
  <system-out/>
  <testcase classname="tests.PostCreationTests" name="TC_PostCreation_17" time="0.000">
    <skipped/>
  </testcase> <!-- TC_PostCreation_17 -->
  <system-out/>
  <testcase classname="tests.PostCreationTests" name="TC_PostCreation_18" time="0.000">
    <skipped/>
  </testcase> <!-- TC_PostCreation_18 -->
  <system-out/>
  <testcase classname="tests.PostCreationTests" name="TC_PostCreation_19" time="0.000">
    <skipped/>
  </testcase> <!-- TC_PostCreation_19 -->
  <system-out/>
  <testcase classname="tests.PostCreationTests" name="TC_PostCreation_20" time="0.000">
    <skipped/>
  </testcase> <!-- TC_PostCreation_20 -->
  <system-out/>
  <testcase classname="tests.PostCreationTests" name="TC_PostCreation_21" time="0.000">
    <skipped/>
  </testcase> <!-- TC_PostCreation_21 -->
  <system-out/>
  <testcase classname="tests.PostCreationTests" name="TC_PostCreation_22" time="0.000">
    <skipped/>
  </testcase> <!-- TC_PostCreation_22 -->
  <system-out/>
  <testcase classname="tests.PostCreationTests" name="TC_PostCreation_23" time="0.000">
    <skipped/>
  </testcase> <!-- TC_PostCreation_23 -->
  <system-out/>
  <testcase classname="tests.PostCreationTests" name="TC_PostCreation_24" time="0.000">
    <skipped/>
  </testcase> <!-- TC_PostCreation_24 -->
  <system-out/>
  <testcase classname="tests.PostCreationTests" name="TC_PostCreation_25" time="0.000">
    <skipped/>
  </testcase> <!-- TC_PostCreation_25 -->
  <system-out/>
  <testcase classname="tests.PostCreationTests" name="TC_PostCreation_26" time="0.001">
    <skipped/>
  </testcase> <!-- TC_PostCreation_26 -->
  <system-out/>
  <testcase classname="tests.PostCreationTests" name="TC_PostCreation_27" time="0.000">
    <skipped/>
  </testcase> <!-- TC_PostCreation_27 -->
  <system-out/>
  <testcase classname="tests.PostCreationTests" name="TC_PostCreation_28" time="0.000">
    <skipped/>
  </testcase> <!-- TC_PostCreation_28 -->
  <system-out/>
  <testcase classname="tests.PostCreationTests" name="TC_PostCreation_29" time="0.000">
    <skipped/>
  </testcase> <!-- TC_PostCreation_29 -->
  <system-out/>
  <testcase classname="tests.PostCreationTests" name="TC_PostCreation_30" time="0.000">
    <skipped/>
  </testcase> <!-- TC_PostCreation_30 -->
  <system-out/>
  <testcase classname="tests.PostCreationTests" name="TC_PostCreation_31" time="0.000">
    <skipped/>
  </testcase> <!-- TC_PostCreation_31 -->
  <system-out/>
  <testcase classname="tests.PostCreationTests" name="TC_PostCreation_32" time="0.000">
    <skipped/>
  </testcase> <!-- TC_PostCreation_32 -->
  <system-out/>
  <testcase classname="tests.PostCreationTests" name="TC_PostCreation_33" time="0.000">
    <skipped/>
  </testcase> <!-- TC_PostCreation_33 -->
  <system-out/>
  <testcase classname="tests.PostCreationTests" name="TC_PostCreation_34" time="0.000">
    <skipped/>
  </testcase> <!-- TC_PostCreation_34 -->
  <system-out/>
  <testcase classname="tests.PostCreationTests" name="TC_PostCreation_35" time="0.000">
    <skipped/>
  </testcase> <!-- TC_PostCreation_35 -->
  <system-out/>
  <testcase classname="tests.PostCreationTests" name="TC_PostCreation_36" time="0.000">
    <skipped/>
  </testcase> <!-- TC_PostCreation_36 -->
  <system-out/>
  <testcase classname="tests.PostCreationTests" name="TC_PostCreation_37" time="0.000">
    <skipped/>
  </testcase> <!-- TC_PostCreation_37 -->
  <system-out/>
</testsuite> <!-- tests.PostCreationTests -->
